Build started 6/22/2013 10:36:42 AM.
     1>Project "Y:\Documents\Projects\perc\npapi-chrome-plugin-helloworld\samplevsproject\npsimple\npsimple\npsimple.vcxproj" on node 2 (Rebuild target(s)).
     1>ClCompile:
         C:\Program Files (x86)\Microsoft Visual Studio 11.0\VC\bin\CL.exe /c /I"C:\xulrunner-sdk\include\nspr" /I"C:\xulrunner-sdk\include" /ZI /nologo /W3 /WX- /Od /Oy- /D DEBUG /D WIN32 /D _WINDOWS /D XP_WIN32 /D MOZILLA_STRICT_API /D XPCOM_GLUE /D XP_WIN /D _X86_ /D NPSIMPLE_EXPORTS /D XULRUNNER_SDK /Gm /EHsc /RTC1 /MDd /GS /fp:precise /Zc:wchar_t /Zc:forScope /Fo"Debug\\" /Fd"Debug\vc110.pdb" /Gd /TP /analyze- /errorReport:prompt npp_entry.cc np_entry.cc plugin.cc
         plugin.cc
     1>y:\documents\projects\perc\npapi-chrome-plugin-helloworld\samplevsproject\npsimple\npsimple\plugin.cc(99): warning C4996: 'strcpy': This function or variable may be unsafe. Consider using strcpy_s instead. To disable deprecation, use _CRT_SECURE_NO_WARNINGS. See online help for details.
                 c:\program files (x86)\microsoft visual studio 11.0\vc\include\string.h(110) : see declaration of 'strcpy'
         np_entry.cc
         npp_entry.cc
         Generating Code...
       ResourceCompile:
         C:\Program Files (x86)\Windows Kits\8.0\bin\x86\rc.exe /l"0x0409" /nologo /fo"Debug\npsimple.res" npsimple.rc 
       Link:
         C:\Program Files (x86)\Microsoft Visual Studio 11.0\VC\bin\link.exe /ERRORREPORT:PROMPT /OUT:"Y:\Documents\Projects\perc\npapi-chrome-plugin-helloworld\samplevsproject\npsimple\Debug\npsimple.dll" /INCREMENTAL /NOLOGO kernel32.lib user32.lib gdi32.lib winspool.lib comdlg32.lib advapi32.lib shell32.lib ole32.lib oleaut32.lib uuid.lib odbc32.lib odbccp32.lib /DEF:"npsimple.def" /MANIFEST /MANIFESTUAC:"level='asInvoker' uiAccess='false'" /manifest:embed /DEBUG /PDB:"Y:\Documents\Projects\perc\npapi-chrome-plugin-helloworld\samplevsproject\npsimple\Debug\npsimple.pdb" /SUBSYSTEM:WINDOWS /TLBID:1 /DYNAMICBASE /NXCOMPAT /IMPLIB:"Y:\Documents\Projects\perc\npapi-chrome-plugin-helloworld\samplevsproject\npsimple\Debug\npsimple.lib" /MACHINE:X86 /DLL Debug\npsimple.res
         Debug\npp_entry.obj
         Debug\np_entry.obj
         Debug\plugin.obj
            Creating library Y:\Documents\Projects\perc\npapi-chrome-plugin-helloworld\samplevsproject\npsimple\Debug\npsimple.lib and object Y:\Documents\Projects\perc\npapi-chrome-plugin-helloworld\samplevsproject\npsimple\Debug\npsimple.exp
         npsimple.vcxproj -> Y:\Documents\Projects\perc\npapi-chrome-plugin-helloworld\samplevsproject\npsimple\Debug\npsimple.dll
     1>Done Building Project "Y:\Documents\Projects\perc\npapi-chrome-plugin-helloworld\samplevsproject\npsimple\npsimple\npsimple.vcxproj" (Rebuild target(s)).

Build succeeded.

Time Elapsed 00:00:02.59
