Y:\DOCUMENTS\PROJECTS\PERC\NPAPI-CHROME-PLUGIN-HELLOWORLD\SAMPLEVSPROJECT\NPSIMPLE\NPSIMPLE\DEBUG\NPP_ENTRY.OBJ
Y:\DOCUMENTS\PROJECTS\PERC\NPAPI-CHROME-PLUGIN-HELLOWORLD\SAMPLEVSPROJECT\NPSIMPLE\NPSIMPLE\DEBUG\NP_ENTRY.OBJ
Y:\DOCUMENTS\PROJECTS\PERC\NPAPI-CHROME-PLUGIN-HELLOWORLD\SAMPLEVSPROJECT\NPSIMPLE\NPSIMPLE\DEBUG\PLUGIN.OBJ
Y:\DOCUMENTS\PROJECTS\PERC\NPAPI-CHROME-PLUGIN-HELLOWORLD\SAMPLEVSPROJECT\NPSIMPLE\NPSIMPLE\DEBUG\VC110.PDB
Y:\Documents\Projects\perc\npapi-chrome-plugin-helloworld\samplevsproject\npsimple\npsimple\Debug\np_entry.obj
Y:\Documents\Projects\perc\npapi-chrome-plugin-helloworld\samplevsproject\npsimple\npsimple\Debug\npp_entry.obj
Y:\Documents\Projects\perc\npapi-chrome-plugin-helloworld\samplevsproject\npsimple\npsimple\Debug\plugin.obj
Y:\Documents\Projects\perc\npapi-chrome-plugin-helloworld\samplevsproject\npsimple\npsimple\Debug\cl.command.1.tlog
Y:\Documents\Projects\perc\npapi-chrome-plugin-helloworld\samplevsproject\npsimple\npsimple\Debug\cl.read.1.tlog
Y:\Documents\Projects\perc\npapi-chrome-plugin-helloworld\samplevsproject\npsimple\npsimple\Debug\cl.write.1.tlog
Y:\Documents\Projects\perc\npapi-chrome-plugin-helloworld\samplevsproject\npsimple\npsimple\Debug\link-cvtres.read.1.tlog
Y:\Documents\Projects\perc\npapi-chrome-plugin-helloworld\samplevsproject\npsimple\npsimple\Debug\link-cvtres.write.1.tlog
Y:\Documents\Projects\perc\npapi-chrome-plugin-helloworld\samplevsproject\npsimple\npsimple\Debug\link-rc.read.1.tlog
Y:\Documents\Projects\perc\npapi-chrome-plugin-helloworld\samplevsproject\npsimple\npsimple\Debug\link-rc.write.1.tlog
Y:\Documents\Projects\perc\npapi-chrome-plugin-helloworld\samplevsproject\npsimple\npsimple\Debug\link.command.1.tlog
Y:\Documents\Projects\perc\npapi-chrome-plugin-helloworld\samplevsproject\npsimple\npsimple\Debug\link.read.1.tlog
Y:\Documents\Projects\perc\npapi-chrome-plugin-helloworld\samplevsproject\npsimple\npsimple\Debug\link.write.1.tlog
Y:\Documents\Projects\perc\npapi-chrome-plugin-helloworld\samplevsproject\npsimple\npsimple\Debug\rc.command.1.tlog
Y:\Documents\Projects\perc\npapi-chrome-plugin-helloworld\samplevsproject\npsimple\npsimple\Debug\rc.read.1.tlog
Y:\Documents\Projects\perc\npapi-chrome-plugin-helloworld\samplevsproject\npsimple\npsimple\Debug\rc.write.1.tlog
Y:\Documents\Projects\perc\npapi-chrome-plugin-helloworld\samplevsproject\npsimple\npsimple\Debug\npsimple.res
Y:\Documents\Projects\perc\npapi-chrome-plugin-helloworld\samplevsproject\npsimple\npsimple\Debug\vc110.idb
Y:\Documents\Projects\perc\npapi-chrome-plugin-helloworld\samplevsproject\npsimple\npsimple\Debug\vc110.pdb
Y:\Documents\Projects\perc\npapi-chrome-plugin-helloworld\samplevsproject\npsimple\Debug\npsimple.pdb
